3/25/2019, 8:06:46 AM : Listening on 1080
3/25/2019, 8:06:52 AM : GET / text/html 200
3/25/2019, 8:06:52 AM : GET /js/jquery.min.js text/javascript 200
3/25/2019, 8:06:52 AM : GET /js/bootstrap.min.js text/javascript 200
3/25/2019, 8:06:52 AM : GET /css/bootstrap.min.css text/css 200
3/25/2019, 8:06:52 AM : GET /css/master.css text/css 200
3/25/2019, 8:06:52 AM : GET /css/fonts/TisaSans.css text/css 200
3/25/2019, 8:06:52 AM : GET /css/fonts/SourceSans.css text/css 200
3/25/2019, 8:06:52 AM : GET /res/logo.png image/png 404
3/25/2019, 8:09:56 AM : GET / text/html 200
3/25/2019, 8:09:56 AM : GET /js/jquery.min.js text/javascript 200
3/25/2019, 8:09:56 AM : GET /js/bootstrap.min.js text/javascript 200
3/25/2019, 8:09:56 AM : GET /css/bootstrap.min.css text/css 200
3/25/2019, 8:09:56 AM : GET /css/fonts/SourceSans.css text/css 200
3/25/2019, 8:09:56 AM : GET /css/fonts/TisaSans.css text/css 200
3/25/2019, 8:09:56 AM : GET /css/master.css text/css 200
3/25/2019, 8:09:56 AM : GET /res/logo.png image/png 404
3/25/2019, 8:15:06 AM : Listening on 1080
3/25/2019, 8:15:11 AM : GET / text/html 200
3/25/2019, 8:16:17 AM : GET /css/fonts/sourcesans.css text/css 200
3/25/2019, 8:16:32 AM : Listening on 1080
3/25/2019, 8:16:52 AM : Listening on 1080
3/25/2019, 8:16:58 AM : GET / text/html 200
3/25/2019, 8:21:54 AM : GET / text/html 200
3/25/2019, 8:22:08 AM : GET / text/html 200
3/25/2019, 8:22:13 AM : GET / text/html 200
3/25/2019, 8:22:23 AM : GET / text/html 200
3/25/2019, 8:22:58 AM : GET / text/html 200
3/25/2019, 8:23:19 AM : Listening on 1080
3/25/2019, 8:23:26 AM : GET / text/html 200
3/25/2019, 8:23:45 AM : Listening on 1080
3/25/2019, 8:23:48 AM : GET / text/html 200
3/25/2019, 8:24:53 AM : GET / text/html 200
3/25/2019, 8:25:17 AM : Listening on 1080
3/25/2019, 8:25:19 AM : GET / text/html 200
3/25/2019, 8:26:11 AM : GET / text/html 200
3/25/2019, 8:27:22 AM : GET / text/html 200
3/25/2019, 8:27:32 AM : Listening on 1080
3/25/2019, 8:27:37 AM : GET / text/html 200
3/25/2019, 8:28:44 AM : Listening on 1080
3/25/2019, 8:28:50 AM : GET / text/html 200
3/25/2019, 8:29:54 AM : Listening on 1080
3/25/2019, 8:30:03 AM : GET / text/html 200
3/25/2019, 8:30:22 AM : Listening on 1080
3/25/2019, 8:30:25 AM : GET / text/html 200
3/25/2019, 8:30:25 AM : GET /css/bootstrap.min.css text/css 200
3/25/2019, 8:30:25 AM : GET /css/fonts/SourceSans.css text/css 200
3/25/2019, 8:30:25 AM : GET /css/fonts/TisaSans.css text/css 200
3/25/2019, 8:30:25 AM : GET /css/master.css text/css 200
3/25/2019, 8:30:25 AM : GET /js/bootstrap.min.js text/javascript 200
3/25/2019, 8:30:25 AM : GET /js/jquery.min.js text/javascript 200
3/25/2019, 8:30:25 AM : GET /res/logo.png image/png 404
3/25/2019, 8:30:25 AM : GET /favicon.ico image/x-icon 404
3/25/2019, 8:30:26 AM : GET / text/html 200
3/25/2019, 8:32:59 AM : GET / text/html 200
3/25/2019, 8:32:59 AM : GET /css/bootstrap.min.css text/css 200
3/25/2019, 8:32:59 AM : GET /css/fonts/TisaSans.css text/css 200
3/25/2019, 8:32:59 AM : GET /css/fonts/SourceSans.css text/css 200
3/25/2019, 8:32:59 AM : GET /css/master.css text/css 200
3/25/2019, 8:32:59 AM : GET /js/jquery.min.js text/javascript 200
3/25/2019, 8:32:59 AM : GET /js/bootstrap.min.js text/javascript 200
3/25/2019, 8:32:59 AM : GET /res/logo.png image/png 404
3/25/2019, 8:33:55 AM : Listening on 1080
3/25/2019, 8:34:00 AM : Listening on 1080
3/25/2019, 8:36:11 AM : Listening on 1080
3/25/2019, 8:36:25 AM : Listening on 1080
3/25/2019, 8:36:52 AM : Listening on 1080
3/25/2019, 8:37:07 AM : GET / text/html 200
3/25/2019, 8:37:25 AM : Listening on 1080
3/25/2019, 8:41:12 AM : Listening on 1080
3/25/2019, 8:42:35 AM : GET / text/html 200
3/25/2019, 8:43:13 AM : Listening on 1080
3/25/2019, 8:43:23 AM : Listening on 1080
3/25/2019, 8:43:25 AM : Listening on 1080
3/25/2019, 8:43:30 AM : Listening on 1080
3/25/2019, 8:43:33 AM : GET / text/html 200
3/25/2019, 8:43:49 AM : Listening on 1080
3/25/2019, 8:43:50 AM : GET / text/html 200
3/25/2019, 8:44:04 AM : Listening on 1080
3/25/2019, 8:44:06 AM : GET / text/html 200
3/25/2019, 8:44:13 AM : Listening on 1080
3/25/2019, 8:44:15 AM : GET / text/html 200
3/25/2019, 8:44:25 AM : Listening on 1080
3/25/2019, 8:44:31 AM : GET / text/html 200
3/25/2019, 8:45:10 AM : Listening on 1080
3/25/2019, 8:45:20 AM : Listening on 1080
3/25/2019, 8:46:15 AM : Listening on 1080
3/25/2019, 8:46:21 AM : Listening on 1080
3/25/2019, 8:46:29 AM : Listening on 1080
3/25/2019, 8:46:37 AM : Listening on 1080
3/25/2019, 8:46:41 AM : GET / text/html 200
3/25/2019, 12:53:13 PM : GET / text/html 200
3/25/2019, 12:53:13 PM : GET /css/bootstrap.min.css text/css 200
3/25/2019, 12:53:34 PM : GET /css/fonts/TisaSans.css text/css 200
3/25/2019, 12:53:34 PM : GET /css/fonts/SourceSans.css text/css 200
3/25/2019, 12:53:34 PM : GET /css/master.css text/css 200
3/25/2019, 12:53:34 PM : GET /css/fonts/Montserrat.css text/css 200
3/25/2019, 12:53:35 PM : GET /js/jquery.min.js text/javascript 200
3/25/2019, 12:53:35 PM : GET /js/bootstrap.min.js text/javascript 200
3/25/2019, 12:53:55 PM : GET /res/logo.png image/png 404
3/25/2019, 12:54:19 PM : GET / text/html 200
3/25/2019, 12:54:19 PM : GET /css/bootstrap.min.css text/css 200
3/25/2019, 12:54:40 PM : GET /css/fonts/TisaSans.css text/css 200
3/25/2019, 12:54:40 PM : GET /css/fonts/SourceSans.css text/css 200
3/25/2019, 12:54:40 PM : GET /css/fonts/Montserrat.css text/css 200
3/25/2019, 12:54:40 PM : GET /css/master.css text/css 200
3/25/2019, 12:54:40 PM : GET /js/jquery.min.js text/javascript 200
3/25/2019, 12:54:40 PM : GET /js/bootstrap.min.js text/javascript 200
3/25/2019, 12:54:44 PM : GET / text/html 200
3/25/2019, 12:54:44 PM : GET /js/jquery.min.js text/javascript 200
3/25/2019, 12:54:44 PM : GET /js/bootstrap.min.js text/javascript 200
3/25/2019, 12:54:44 PM : GET /css/bootstrap.min.css text/css 200
3/25/2019, 12:54:44 PM : GET /css/fonts/TisaSans.css text/css 200
3/25/2019, 12:54:44 PM : GET /css/fonts/SourceSans.css text/css 200
3/25/2019, 12:54:44 PM : GET /css/fonts/Montserrat.css text/css 200
3/25/2019, 12:54:44 PM : GET /css/master.css text/css 200
3/25/2019, 12:54:46 PM : GET /res/logo.png image/png 404
3/25/2019, 12:54:51 PM : GET / text/html 200
3/25/2019, 12:54:51 PM : GET /js/jquery.min.js text/javascript 200
3/25/2019, 12:54:51 PM : GET /js/bootstrap.min.js text/javascript 200
3/25/2019, 12:54:51 PM : GET /css/bootstrap.min.css text/css 200
3/25/2019, 12:54:51 PM : GET /css/fonts/SourceSans.css text/css 200
3/25/2019, 12:54:51 PM : GET /css/fonts/TisaSans.css text/css 200
3/25/2019, 12:54:51 PM : GET /css/fonts/Montserrat.css text/css 200
3/25/2019, 12:54:51 PM : GET /css/master.css text/css 200
3/25/2019, 12:54:52 PM : GET /res/logo.png image/png 404
3/25/2019, 12:54:53 PM : GET /favicon.ico image/x-icon 404
3/25/2019, 12:59:18 PM : Listening on 1080
3/25/2019, 1:01:46 PM : GET /file/index text/html 404
3/25/2019, 1:01:47 PM : GET /js/jquery.min.js text/javascript 200
3/25/2019, 1:01:47 PM : GET /css/master.css text/css 200
3/25/2019, 1:01:47 PM : GET /js/bootstrap.min.js text/javascript 200
3/25/2019, 1:01:47 PM : GET /css/fonts/TisaSans.css text/css 200
3/25/2019, 1:01:47 PM : GET /css/bootstrap.min.css text/css 200
3/25/2019, 1:01:47 PM : GET /css/fonts/SourceSans.css text/css 200
3/25/2019, 1:01:47 PM : GET /css/fonts/Montserrat.css text/css 200
3/25/2019, 1:01:47 PM : GET /res/logo.png image/png 404
3/25/2019, 1:01:58 PM : GET /res text/html 404
3/25/2019, 1:01:58 PM : GET /js/jquery.min.js text/javascript 200
3/25/2019, 1:01:58 PM : GET /js/bootstrap.min.js text/javascript 200
3/25/2019, 1:01:58 PM : GET /css/bootstrap.min.css text/css 200
3/25/2019, 1:01:58 PM : GET /css/fonts/TisaSans.css text/css 200
3/25/2019, 1:01:58 PM : GET /css/fonts/SourceSans.css text/css 200
3/25/2019, 1:01:58 PM : GET /css/master.css text/css 200
3/25/2019, 1:01:58 PM : GET /css/fonts/Montserrat.css text/css 200
3/25/2019, 1:01:58 PM : GET /res/logo.png image/png 404
3/25/2019, 1:03:36 PM : GET /res/rock.jpg image/jpeg 200
3/25/2019, 1:03:55 PM : GET /res/rock.jpg image/jpeg 200
3/25/2019, 1:04:50 PM : Listening on 1080
3/25/2019, 1:04:58 PM : Listening on 1080
3/25/2019, 1:04:59 PM : GET /res/rock.jpg image/jpeg 200
3/25/2019, 1:05:27 PM : Listening on 1080
3/25/2019, 1:05:33 PM : GET /res/rock.jpg image/jpeg 200
3/25/2019, 1:07:08 PM : Listening on 1080
3/25/2019, 1:07:08 PM : GET /res/rock.jpg image/jpeg 200
3/25/2019, 1:07:17 PM : Listening on 1080
3/25/2019, 1:07:26 PM : Listening on 1080
3/25/2019, 1:07:49 PM : Listening on 1080
3/25/2019, 1:08:03 PM : Listening on 1080
3/25/2019, 1:08:11 PM : GET /res/rock.jpg image/jpeg 200
3/25/2019, 1:08:22 PM : GET /res/rock.jpg image/jpeg 200
3/25/2019, 1:09:03 PM : Listening on 1080
3/25/2019, 1:09:27 PM : Listening on 1080
3/25/2019, 1:09:29 PM : GET /res/rock.jpg image/jpeg 200
3/25/2019, 1:10:56 PM : Listening on 1080
3/25/2019, 1:10:57 PM : GET /res/rock.jpg image/jpeg 200
3/25/2019, 1:11:04 PM : GET /res/rock.jpg image/jpeg 200
3/25/2019, 1:11:12 PM : Listening on 1080
3/25/2019, 1:11:17 PM : GET /res/rock.jpg image/jpeg 200
3/25/2019, 1:11:28 PM : Listening on 1080
3/25/2019, 1:11:31 PM : Listening on 1080
3/25/2019, 1:11:34 PM : Listening on 1080
3/25/2019, 1:11:38 PM : GET /res/rock.jpg image/jpeg 200
3/25/2019, 1:11:57 PM : Listening on 1080
3/25/2019, 1:12:05 PM : Listening on 1080
3/25/2019, 1:12:09 PM : GET /res/rock.jpg image/jpeg 200
3/25/2019, 1:12:15 PM : GET /res/rock.jpg image/jpeg 200
3/25/2019, 1:12:27 PM : Listening on 1080
3/25/2019, 1:12:34 PM : GET /res/rock.jpg image/jpeg 200
3/25/2019, 1:12:51 PM : GET /res/rock.jpg image/jpeg 200
3/25/2019, 1:13:49 PM : Listening on 1080
3/25/2019, 1:13:50 PM : GET /res/rock.jpg image/jpeg 200
3/25/2019, 1:14:07 PM : GET /res/rock.jpg image/jpeg 200
