4/16/2019, 11:31:42 PM : Listening on 1080
4/16/2019, 11:32:42 PM : Listening on 1080
4/16/2019, 11:33:56 PM : Listening on 1080
4/16/2019, 11:34:11 PM : Listening on 1080
4/16/2019, 11:34:43 PM : Listening on 1080
4/16/2019, 11:35:53 PM : Listening on 1080
4/16/2019, 11:36:07 PM : Listening on 1080
4/16/2019, 11:36:07 PM : GET / text/html 200
4/16/2019, 11:36:07 PM : GET /js/jquery.min.js text/javascript 200
4/16/2019, 11:36:07 PM : GET /js/bootstrap.min.js text/javascript 200
4/16/2019, 11:36:07 PM : GET /css/bootstrap.min.css text/css 200
4/16/2019, 11:36:07 PM : GET /css/fonts/TisaSans.css text/css 200
4/16/2019, 11:36:07 PM : GET /css/fonts/SourceSans.css text/css 200
4/16/2019, 11:36:07 PM : GET /css/fonts/Montserrat.css text/css 200
4/16/2019, 11:36:07 PM : GET /css/master.css text/css 200
4/16/2019, 11:36:08 PM : GET /res/logo.png text/plain 404
4/16/2019, 11:36:08 PM : GET /res/logo.png text/plain 404
4/16/2019, 11:36:39 PM : Listening on 1080
4/16/2019, 11:36:42 PM : GET / text/html 200
4/16/2019, 11:36:43 PM : GET /js/jquery.min.js text/javascript 200
4/16/2019, 11:36:43 PM : GET /js/bootstrap.min.js text/javascript 200
4/16/2019, 11:36:43 PM : GET /css/bootstrap.min.css text/css 200
4/16/2019, 11:36:43 PM : GET /css/fonts/TisaSans.css text/css 200
4/16/2019, 11:36:43 PM : GET /css/fonts/SourceSans.css text/css 200
4/16/2019, 11:36:43 PM : GET /css/fonts/Montserrat.css text/css 200
4/16/2019, 11:36:43 PM : GET /css/master.css text/css 200
4/16/2019, 11:36:43 PM : GET /res/logo.png text/plain 404
4/16/2019, 11:36:43 PM : GET /res/logo.png text/plain 404
4/16/2019, 11:37:05 PM : GET / text/html 200
4/16/2019, 11:37:05 PM : GET /js/jquery.min.js text/javascript 200
4/16/2019, 11:37:05 PM : GET /css/master.css text/css 200
4/16/2019, 11:37:05 PM : GET /js/bootstrap.min.js text/javascript 200
4/16/2019, 11:37:05 PM : GET /css/bootstrap.min.css text/css 200
4/16/2019, 11:37:05 PM : GET /css/fonts/TisaSans.css text/css 200
4/16/2019, 11:37:05 PM : GET /css/fonts/SourceSans.css text/css 200
4/16/2019, 11:37:05 PM : GET /css/fonts/Montserrat.css text/css 200
4/16/2019, 11:37:05 PM : GET /res/logo.png text/plain 404
4/16/2019, 11:37:05 PM : GET /res/logo.png text/plain 404
4/16/2019, 11:37:17 PM : GET / text/html 200
4/16/2019, 11:37:17 PM : GET /js/jquery.min.js text/javascript 200
4/16/2019, 11:37:17 PM : GET /css/master.css text/css 200
4/16/2019, 11:37:17 PM : GET /js/bootstrap.min.js text/javascript 200
4/16/2019, 11:37:17 PM : GET /css/bootstrap.min.css text/css 200
4/16/2019, 11:37:17 PM : GET /css/fonts/TisaSans.css text/css 200
4/16/2019, 11:37:17 PM : GET /css/fonts/SourceSans.css text/css 200
4/16/2019, 11:37:17 PM : GET /css/fonts/Montserrat.css text/css 200
4/16/2019, 11:37:17 PM : GET /res/logo.png text/plain 404
4/16/2019, 11:37:18 PM : GET /res/logo.png text/plain 404
4/16/2019, 11:37:56 PM : GET / text/html 200
4/16/2019, 11:37:56 PM : GET /js/jquery.min.js text/javascript 200
4/16/2019, 11:37:56 PM : GET /js/bootstrap.min.js text/javascript 200
4/16/2019, 11:37:56 PM : GET /css/bootstrap.min.css text/css 200
4/16/2019, 11:37:56 PM : GET /css/fonts/TisaSans.css text/css 200
4/16/2019, 11:37:56 PM : GET /css/fonts/SourceSans.css text/css 200
4/16/2019, 11:37:56 PM : GET /css/fonts/Montserrat.css text/css 200
4/16/2019, 11:37:56 PM : GET /css/master.css text/css 200
4/16/2019, 11:37:56 PM : GET /res/logo.png text/plain 404
4/16/2019, 11:37:56 PM : GET /res/logo.png text/plain 404
4/16/2019, 11:38:10 PM : GET / text/html 200
4/16/2019, 11:38:10 PM : GET /js/jquery.min.js text/javascript 200
4/16/2019, 11:38:10 PM : GET /js/bootstrap.min.js text/javascript 200
4/16/2019, 11:38:10 PM : GET /css/fonts/SourceSans.css text/css 200
4/16/2019, 11:38:10 PM : GET /css/bootstrap.min.css text/css 200
4/16/2019, 11:38:10 PM : GET /css/fonts/TisaSans.css text/css 200
4/16/2019, 11:38:10 PM : GET /css/fonts/Montserrat.css text/css 200
4/16/2019, 11:38:10 PM : GET /css/master.css text/css 200
4/16/2019, 11:38:10 PM : GET /res/logo.png text/plain 404
4/16/2019, 11:38:10 PM : GET /res/logo.png text/plain 404
4/16/2019, 11:38:22 PM : GET / text/html 200
4/16/2019, 11:38:22 PM : GET /js/jquery.min.js text/javascript 200
4/16/2019, 11:38:22 PM : GET /js/bootstrap.min.js text/javascript 200
4/16/2019, 11:38:22 PM : GET /css/bootstrap.min.css text/css 200
4/16/2019, 11:38:22 PM : GET /css/fonts/TisaSans.css text/css 200
4/16/2019, 11:38:22 PM : GET /css/fonts/SourceSans.css text/css 200
4/16/2019, 11:38:22 PM : GET /css/master.css text/css 200
4/16/2019, 11:38:22 PM : GET /css/fonts/Montserrat.css text/css 200
4/16/2019, 11:38:22 PM : GET /res/logo.png text/plain 404
4/16/2019, 11:38:22 PM : GET /res/logo.png text/plain 404
4/16/2019, 11:38:29 PM : GET / text/html 200
4/16/2019, 11:38:29 PM : GET /js/jquery.min.js text/javascript 200
4/16/2019, 11:38:29 PM : GET /js/bootstrap.min.js text/javascript 200
4/16/2019, 11:38:29 PM : GET /css/fonts/TisaSans.css text/css 200
4/16/2019, 11:38:29 PM : GET /css/bootstrap.min.css text/css 200
4/16/2019, 11:38:29 PM : GET /css/master.css text/css 200
4/16/2019, 11:38:29 PM : GET /css/fonts/Montserrat.css text/css 200
4/16/2019, 11:38:29 PM : GET /css/fonts/SourceSans.css text/css 200
4/16/2019, 11:38:29 PM : GET /res/logo.png text/plain 404
4/16/2019, 11:38:29 PM : GET /res/logo.png text/plain 404
4/16/2019, 11:38:36 PM : GET / text/html 200
4/16/2019, 11:38:36 PM : GET /js/jquery.min.js text/javascript 200
4/16/2019, 11:38:36 PM : GET /css/master.css text/css 200
4/16/2019, 11:38:36 PM : GET /js/bootstrap.min.js text/javascript 200
4/16/2019, 11:38:36 PM : GET /css/bootstrap.min.css text/css 200
4/16/2019, 11:38:36 PM : GET /css/fonts/SourceSans.css text/css 200
4/16/2019, 11:38:36 PM : GET /css/fonts/TisaSans.css text/css 200
4/16/2019, 11:38:36 PM : GET /css/fonts/Montserrat.css text/css 200
4/16/2019, 11:38:36 PM : GET /res/logo.png text/plain 404
4/16/2019, 11:38:36 PM : GET /res/logo.png text/plain 404
4/16/2019, 11:38:47 PM : GET / text/html 200
4/16/2019, 11:38:47 PM : GET /js/jquery.min.js text/javascript 200
4/16/2019, 11:38:47 PM : GET /js/bootstrap.min.js text/javascript 200
4/16/2019, 11:38:47 PM : GET /css/bootstrap.min.css text/css 200
4/16/2019, 11:38:47 PM : GET /css/fonts/TisaSans.css text/css 200
4/16/2019, 11:38:47 PM : GET /css/fonts/SourceSans.css text/css 200
4/16/2019, 11:38:47 PM : GET /css/master.css text/css 200
4/16/2019, 11:38:47 PM : GET /css/fonts/Montserrat.css text/css 200
4/16/2019, 11:38:47 PM : GET /res/logo.png text/plain 404
4/16/2019, 11:38:47 PM : GET /res/logo.png text/plain 404
4/16/2019, 11:38:51 PM : GET / text/html 200
4/16/2019, 11:38:51 PM : GET /js/jquery.min.js text/javascript 200
4/16/2019, 11:38:51 PM : GET /css/master.css text/css 200
4/16/2019, 11:38:51 PM : GET /js/bootstrap.min.js text/javascript 200
4/16/2019, 11:38:51 PM : GET /css/bootstrap.min.css text/css 200
4/16/2019, 11:38:51 PM : GET /css/fonts/TisaSans.css text/css 200
4/16/2019, 11:38:51 PM : GET /css/fonts/SourceSans.css text/css 200
4/16/2019, 11:38:51 PM : GET /css/fonts/Montserrat.css text/css 200
4/16/2019, 11:38:51 PM : GET /res/logo.png text/plain 404
4/16/2019, 11:38:51 PM : GET /res/logo.png text/plain 404
4/16/2019, 11:39:06 PM : GET / text/html 200
4/16/2019, 11:39:06 PM : GET /js/jquery.min.js text/javascript 200
4/16/2019, 11:39:06 PM : GET /css/master.css text/css 200
4/16/2019, 11:39:06 PM : GET /js/bootstrap.min.js text/javascript 200
4/16/2019, 11:39:06 PM : GET /css/bootstrap.min.css text/css 200
4/16/2019, 11:39:06 PM : GET /css/fonts/TisaSans.css text/css 200
4/16/2019, 11:39:06 PM : GET /css/fonts/SourceSans.css text/css 200
4/16/2019, 11:39:06 PM : GET /css/fonts/Montserrat.css text/css 200
4/16/2019, 11:39:06 PM : GET /res/logo.png text/plain 404
4/16/2019, 11:39:06 PM : GET /res/logo.png text/plain 404
4/16/2019, 11:40:32 PM : Listening on 1080
4/16/2019, 11:40:36 PM : GET / text/html 200
4/16/2019, 11:40:36 PM : GET /js/jquery.min.js text/javascript 200
4/16/2019, 11:40:36 PM : GET /css/master.css text/css 200
4/16/2019, 11:40:36 PM : GET /js/bootstrap.min.js text/javascript 200
4/16/2019, 11:40:36 PM : GET /css/bootstrap.min.css text/css 200
4/16/2019, 11:40:36 PM : GET /css/fonts/TisaSans.css text/css 200
4/16/2019, 11:40:36 PM : GET /css/fonts/SourceSans.css text/css 200
4/16/2019, 11:40:36 PM : GET /css/fonts/Montserrat.css text/css 200
4/16/2019, 11:40:36 PM : GET /res/logo.png text/plain 404
4/16/2019, 11:40:37 PM : GET /res/logo.png text/plain 404
4/16/2019, 11:40:47 PM : GET / text/html 200
4/16/2019, 11:40:47 PM : GET /js/jquery.min.js text/javascript 200
4/16/2019, 11:40:47 PM : GET /js/bootstrap.min.js text/javascript 200
4/16/2019, 11:40:47 PM : GET /css/bootstrap.min.css text/css 200
4/16/2019, 11:40:47 PM : GET /css/fonts/TisaSans.css text/css 200
4/16/2019, 11:40:47 PM : GET /css/fonts/SourceSans.css text/css 200
4/16/2019, 11:40:47 PM : GET /css/master.css text/css 200
4/16/2019, 11:40:47 PM : GET /css/fonts/Montserrat.css text/css 200
4/16/2019, 11:40:47 PM : GET /res/logo.png text/plain 404
4/16/2019, 11:40:47 PM : GET /res/logo.png text/plain 404
4/16/2019, 11:40:57 PM : GET / text/html 200
4/16/2019, 11:40:57 PM : GET /js/jquery.min.js text/javascript 200
4/16/2019, 11:40:57 PM : GET /js/bootstrap.min.js text/javascript 200
4/16/2019, 11:40:57 PM : GET /css/bootstrap.min.css text/css 200
4/16/2019, 11:40:57 PM : GET /css/fonts/TisaSans.css text/css 200
4/16/2019, 11:40:57 PM : GET /css/fonts/SourceSans.css text/css 200
4/16/2019, 11:40:57 PM : GET /css/fonts/Montserrat.css text/css 200
4/16/2019, 11:40:57 PM : GET /css/master.css text/css 200
4/16/2019, 11:40:57 PM : GET /res/logo.png text/plain 404
4/16/2019, 11:40:58 PM : GET /res/logo.png text/plain 404
4/16/2019, 11:41:07 PM : GET / text/html 200
4/16/2019, 11:41:07 PM : GET /js/jquery.min.js text/javascript 200
4/16/2019, 11:41:07 PM : GET /css/master.css text/css 200
4/16/2019, 11:41:07 PM : GET /js/bootstrap.min.js text/javascript 200
4/16/2019, 11:41:07 PM : GET /css/bootstrap.min.css text/css 200
4/16/2019, 11:41:07 PM : GET /css/fonts/TisaSans.css text/css 200
4/16/2019, 11:41:07 PM : GET /css/fonts/SourceSans.css text/css 200
4/16/2019, 11:41:07 PM : GET /css/fonts/Montserrat.css text/css 200
4/16/2019, 11:41:07 PM : GET /res/logo.png text/plain 404
4/16/2019, 11:41:07 PM : GET /res/logo.png text/plain 404
4/16/2019, 11:41:11 PM : GET / text/html 200
4/16/2019, 11:41:11 PM : GET /res/logo.png text/plain 404
4/16/2019, 11:41:11 PM : GET /js/jquery.min.js text/javascript 200
4/16/2019, 11:41:11 PM : GET /js/bootstrap.min.js text/javascript 200
4/16/2019, 11:41:11 PM : GET /css/bootstrap.min.css text/css 200
4/16/2019, 11:41:11 PM : GET /css/fonts/TisaSans.css text/css 200
4/16/2019, 11:41:11 PM : GET /css/fonts/SourceSans.css text/css 200
4/16/2019, 11:41:11 PM : GET /css/master.css text/css 200
4/16/2019, 11:41:11 PM : GET /css/fonts/Montserrat.css text/css 200
4/16/2019, 11:41:12 PM : GET /res/logo.png text/plain 404
4/16/2019, 11:41:12 PM : GET / text/html 200
4/16/2019, 11:41:12 PM : GET /js/jquery.min.js text/javascript 200
4/16/2019, 11:41:12 PM : GET /css/master.css text/css 200
4/16/2019, 11:41:12 PM : GET /js/bootstrap.min.js text/javascript 200
4/16/2019, 11:41:12 PM : GET /css/bootstrap.min.css text/css 200
4/16/2019, 11:41:12 PM : GET /css/fonts/TisaSans.css text/css 200
4/16/2019, 11:41:12 PM : GET /css/fonts/SourceSans.css text/css 200
4/16/2019, 11:41:12 PM : GET /css/fonts/Montserrat.css text/css 200
4/16/2019, 11:41:12 PM : GET /res/logo.png text/plain 404
4/16/2019, 11:41:13 PM : GET /res/logo.png text/plain 404
4/16/2019, 11:41:25 PM : GET / text/html 200
4/16/2019, 11:41:25 PM : GET /js/jquery.min.js text/javascript 200
4/16/2019, 11:41:25 PM : GET /js/bootstrap.min.js text/javascript 200
4/16/2019, 11:41:25 PM : GET /css/fonts/TisaSans.css text/css 200
4/16/2019, 11:41:25 PM : GET /css/bootstrap.min.css text/css 200
4/16/2019, 11:41:25 PM : GET /css/master.css text/css 200
4/16/2019, 11:41:25 PM : GET /css/fonts/Montserrat.css text/css 200
4/16/2019, 11:41:25 PM : GET /css/fonts/SourceSans.css text/css 200
4/16/2019, 11:41:25 PM : GET /res/logo.png text/plain 404
4/16/2019, 11:41:25 PM : GET /res/logo.png text/plain 404
4/16/2019, 11:41:57 PM : Listening on 1080
4/16/2019, 11:41:59 PM : GET / text/html 200
4/16/2019, 11:41:59 PM : GET /js/jquery.min.js text/javascript 200
4/16/2019, 11:41:59 PM : GET /css/master.css text/css 200
4/16/2019, 11:41:59 PM : GET /js/bootstrap.min.js text/javascript 200
4/16/2019, 11:41:59 PM : GET /css/bootstrap.min.css text/css 200
4/16/2019, 11:41:59 PM : GET /css/fonts/TisaSans.css text/css 200
4/16/2019, 11:41:59 PM : GET /css/fonts/SourceSans.css text/css 200
4/16/2019, 11:41:59 PM : GET /css/fonts/Montserrat.css text/css 200
4/16/2019, 11:41:59 PM : GET /res/logo.png text/plain 404
4/16/2019, 11:41:59 PM : GET /res/logo.png text/plain 404
4/16/2019, 11:42:31 PM : Listening on 1080
4/16/2019, 11:42:35 PM : GET / text/html 200
4/16/2019, 11:42:35 PM : GET /js/jquery.min.js text/javascript 200
4/16/2019, 11:42:35 PM : GET /css/master.css text/css 200
4/16/2019, 11:42:35 PM : GET /js/bootstrap.min.js text/javascript 200
4/16/2019, 11:42:35 PM : GET /css/bootstrap.min.css text/css 200
4/16/2019, 11:42:35 PM : GET /css/fonts/TisaSans.css text/css 200
4/16/2019, 11:42:35 PM : GET /css/fonts/SourceSans.css text/css 200
4/16/2019, 11:42:35 PM : GET /css/fonts/Montserrat.css text/css 200
4/16/2019, 11:42:36 PM : GET /res/logo.png text/plain 404
4/16/2019, 11:43:00 PM : Listening on 1080
4/16/2019, 11:43:02 PM : Listening on 1080
4/16/2019, 11:43:05 PM : GET / text/html 200
4/16/2019, 11:43:05 PM : GET /js/jquery.min.js text/javascript 200
4/16/2019, 11:43:05 PM : GET /css/master.css text/css 200
4/16/2019, 11:43:05 PM : GET /js/bootstrap.min.js text/javascript 200
4/16/2019, 11:43:05 PM : GET /css/bootstrap.min.css text/css 200
4/16/2019, 11:43:05 PM : GET /css/fonts/TisaSans.css text/css 200
4/16/2019, 11:43:05 PM : GET /css/fonts/SourceSans.css text/css 200
4/16/2019, 11:43:05 PM : GET /css/fonts/Montserrat.css text/css 200
4/16/2019, 11:43:06 PM : GET /res/logo.png text/plain 404
4/16/2019, 11:43:06 PM : GET /res/logo.png text/plain 404
4/16/2019, 11:43:17 PM : Listening on 1080
4/16/2019, 11:43:20 PM : GET / text/html 200
4/16/2019, 11:43:20 PM : GET /js/jquery.min.js text/javascript 200
4/16/2019, 11:43:20 PM : GET /css/master.css text/css 200
4/16/2019, 11:43:20 PM : GET /js/bootstrap.min.js text/javascript 200
4/16/2019, 11:43:20 PM : GET /css/fonts/TisaSans.css text/css 200
4/16/2019, 11:43:20 PM : GET /css/bootstrap.min.css text/css 200
4/16/2019, 11:43:20 PM : GET /css/fonts/SourceSans.css text/css 200
4/16/2019, 11:43:20 PM : GET /css/fonts/Montserrat.css text/css 200
4/16/2019, 11:43:20 PM : GET /res/logo.png text/plain 404
4/16/2019, 11:43:20 PM : GET /res/logo.png text/plain 404
4/16/2019, 11:43:37 PM : Listening on 1080
4/16/2019, 11:43:39 PM : GET / text/html 200
4/16/2019, 11:43:39 PM : GET /js/jquery.min.js text/javascript 200
4/16/2019, 11:43:39 PM : GET /css/master.css text/css 200
4/16/2019, 11:43:39 PM : GET /js/bootstrap.min.js text/javascript 200
4/16/2019, 11:43:39 PM : GET /css/fonts/TisaSans.css text/css 200
4/16/2019, 11:43:39 PM : GET /css/bootstrap.min.css text/css 200
4/16/2019, 11:43:39 PM : GET /css/fonts/SourceSans.css text/css 200
4/16/2019, 11:43:39 PM : GET /css/fonts/Montserrat.css text/css 200
4/16/2019, 11:43:39 PM : GET /res/logo.png text/plain 404
4/16/2019, 11:43:39 PM : GET /res/logo.png text/plain 404
4/16/2019, 11:43:58 PM : Listening on 1080
4/16/2019, 11:43:59 PM : GET / text/html 200
4/16/2019, 11:43:59 PM : GET /js/jquery.min.js text/javascript 200
4/16/2019, 11:43:59 PM : GET /css/master.css text/css 200
4/16/2019, 11:43:59 PM : GET /js/bootstrap.min.js text/javascript 200
4/16/2019, 11:43:59 PM : GET /css/fonts/TisaSans.css text/css 200
4/16/2019, 11:43:59 PM : GET /css/bootstrap.min.css text/css 200
4/16/2019, 11:43:59 PM : GET /css/fonts/SourceSans.css text/css 200
4/16/2019, 11:43:59 PM : GET /css/fonts/Montserrat.css text/css 200
4/16/2019, 11:43:59 PM : GET /res/logo.png text/plain 404
4/16/2019, 11:43:59 PM : GET /res/logo.png text/plain 404
4/16/2019, 11:44:08 PM : Listening on 1080
4/16/2019, 11:44:10 PM : GET / text/html 200
4/16/2019, 11:44:10 PM : GET /js/jquery.min.js text/javascript 200
4/16/2019, 11:44:10 PM : GET /css/master.css text/css 200
4/16/2019, 11:44:10 PM : GET /js/bootstrap.min.js text/javascript 200
4/16/2019, 11:44:10 PM : GET /css/fonts/TisaSans.css text/css 200
4/16/2019, 11:44:10 PM : GET /css/bootstrap.min.css text/css 200
4/16/2019, 11:44:10 PM : GET /css/fonts/SourceSans.css text/css 200
4/16/2019, 11:44:10 PM : GET /css/fonts/Montserrat.css text/css 200
4/16/2019, 11:44:10 PM : GET /res/logo.png text/plain 404
4/16/2019, 11:44:10 PM : GET /res/logo.png text/plain 404
4/16/2019, 11:44:35 PM : Listening on 1080
4/16/2019, 11:44:36 PM : GET / text/html 200
4/16/2019, 11:44:36 PM : GET /js/jquery.min.js text/javascript 200
4/16/2019, 11:44:36 PM : GET /css/master.css text/css 200
4/16/2019, 11:44:36 PM : GET /js/bootstrap.min.js text/javascript 200
4/16/2019, 11:44:36 PM : GET /css/bootstrap.min.css text/css 200
4/16/2019, 11:44:36 PM : GET /css/fonts/TisaSans.css text/css 200
4/16/2019, 11:44:36 PM : GET /css/fonts/SourceSans.css text/css 200
4/16/2019, 11:44:36 PM : GET /css/fonts/Montserrat.css text/css 200
4/16/2019, 11:44:36 PM : GET /res/logo.png text/plain 404
4/16/2019, 11:44:36 PM : GET /res/logo.png text/plain 404
4/16/2019, 11:44:54 PM : GET / text/html 200
4/16/2019, 11:44:54 PM : GET /js/jquery.min.js text/javascript 200
4/16/2019, 11:44:54 PM : GET /css/master.css text/css 200
4/16/2019, 11:44:54 PM : GET /js/bootstrap.min.js text/javascript 200
4/16/2019, 11:44:54 PM : GET /css/fonts/TisaSans.css text/css 200
4/16/2019, 11:44:54 PM : GET /css/bootstrap.min.css text/css 200
4/16/2019, 11:44:54 PM : GET /css/fonts/SourceSans.css text/css 200
4/16/2019, 11:44:54 PM : GET /css/fonts/Montserrat.css text/css 200
4/16/2019, 11:44:54 PM : GET /res/logo.png text/plain 404
4/16/2019, 11:44:54 PM : GET /res/logo.png text/plain 404
