4/2/2019, 4:38:01 PM : Listening on 1080
4/2/2019, 4:38:08 PM : GET / text/html 200
4/2/2019, 4:38:08 PM : GET /js/jquery.min.js text/javascript 200
4/2/2019, 4:38:08 PM : GET /js/bootstrap.min.js text/javascript 200
4/2/2019, 4:38:08 PM : GET /css/bootstrap.min.css text/css 200
4/2/2019, 4:38:08 PM : GET /css/fonts/TisaSans.css text/css 200
4/2/2019, 4:38:08 PM : GET /css/fonts/SourceSans.css text/css 200
4/2/2019, 4:38:08 PM : GET /css/fonts/Montserrat.css text/css 200
4/2/2019, 4:38:08 PM : GET /css/master.css text/css 200
4/2/2019, 4:38:08 PM : GET /res/logo.png image/png 404
4/2/2019, 4:38:08 PM : GET /favicon.ico image/x-icon 404
4/2/2019, 4:38:10 PM : GET /about.html text/html 200
4/2/2019, 4:38:10 PM : GET /js/jquery.min.js text/javascript 200
4/2/2019, 4:38:10 PM : GET /js/bootstrap.min.js text/javascript 200
4/2/2019, 4:38:10 PM : GET /css/bootstrap.min.css text/css 200
4/2/2019, 4:38:10 PM : GET /css/fonts/TisaSans.css text/css 200
4/2/2019, 4:38:10 PM : GET /css/fonts/SourceSans.css text/css 200
4/2/2019, 4:38:10 PM : GET /css/fonts/Montserrat.css text/css 200
4/2/2019, 4:38:10 PM : GET /css/master.css text/css 200
4/2/2019, 4:38:10 PM : GET /res/logo.png image/png 404
4/2/2019, 4:38:11 PM : GET /contact.html text/html 200
4/2/2019, 4:38:11 PM : GET /js/jquery.min.js text/javascript 200
4/2/2019, 4:38:11 PM : GET /css/master.css text/css 200
4/2/2019, 4:38:11 PM : GET /js/bootstrap.min.js text/javascript 200
4/2/2019, 4:38:11 PM : GET /css/bootstrap.min.css text/css 200
4/2/2019, 4:38:11 PM : GET /css/fonts/TisaSans.css text/css 200
4/2/2019, 4:38:11 PM : GET /css/fonts/SourceSans.css text/css 200
4/2/2019, 4:38:11 PM : GET /css/fonts/Montserrat.css text/css 200
4/2/2019, 4:38:11 PM : GET /css/bootstrap.min.css text/css 200
4/2/2019, 4:38:11 PM : GET /res/logo.png image/png 404
4/2/2019, 4:38:13 PM : GET / text/html 200
4/2/2019, 4:38:13 PM : GET /js/jquery.min.js text/javascript 200
4/2/2019, 4:38:13 PM : GET /css/master.css text/css 200
4/2/2019, 4:38:13 PM : GET /js/bootstrap.min.js text/javascript 200
4/2/2019, 4:38:13 PM : GET /css/bootstrap.min.css text/css 200
4/2/2019, 4:38:13 PM : GET /css/fonts/TisaSans.css text/css 200
4/2/2019, 4:38:13 PM : GET /css/fonts/SourceSans.css text/css 200
4/2/2019, 4:38:13 PM : GET /css/fonts/Montserrat.css text/css 200
4/2/2019, 4:38:13 PM : GET /res/logo.png image/png 404
4/2/2019, 4:38:29 PM : GET / text/html 200
4/2/2019, 4:38:29 PM : GET /js/jquery.min.js text/javascript 200
4/2/2019, 4:38:29 PM : GET /js/bootstrap.min.js text/javascript 200
4/2/2019, 4:38:29 PM : GET /css/bootstrap.min.css text/css 200
4/2/2019, 4:38:29 PM : GET /css/fonts/TisaSans.css text/css 200
4/2/2019, 4:38:29 PM : GET /css/fonts/SourceSans.css text/css 200
4/2/2019, 4:38:29 PM : GET /css/fonts/Montserrat.css text/css 200
4/2/2019, 4:38:29 PM : GET /css/master.css text/css 200
4/2/2019, 4:38:29 PM : GET /res/logo.png image/png 404
4/2/2019, 4:38:43 PM : GET /res/rock.ong text/plain 404
4/2/2019, 4:38:49 PM : GET /res/rock.jpg image/jpeg 200
4/2/2019, 4:41:13 PM : Listening on 1080
4/2/2019, 4:41:14 PM : GET /res/rock.jpg image/jpeg 200
4/2/2019, 4:41:15 PM : GET /res/rock.jpg image/jpeg 200
4/2/2019, 4:41:28 PM : GET /res/rock.jpg image/jpeg 200
4/2/2019, 4:49:17 PM : Listening on 1080
4/2/2019, 4:49:25 PM : GET /res/rock.jpg image/jpeg 200
